#
# A fatal error has been detected by the Java Runtime Environment:
#
#  SIGSEGV (0xb) at pc=0x00007900ad089067, pid=2759, tid=2788
#
# JRE version: OpenJDK Runtime Environment Temurin-21.0.4+7 (21.0.4+7) (build 21.0.4+7-LTS)
# Java VM: OpenJDK 64-Bit Server VM Temurin-21.0.4+7 (21.0.4+7-LTS, mixed mode, tiered, compressed oops, compressed class ptrs, g1 gc, linux-amd64)
# Problematic frame:
# V  [libjvm.so+0xc89067]  Method::jmethod_id()+0x67
#
# Core dump will be written. Default location: Core dumps may be processed with "/lib/systemd/systemd-coredump %P %u %g %s %t 9223372036854775808 %h" (or dumping to /home/prasanth362k/git/repository2/Java_World/core.2759)
#
# If you would like to submit a bug report, please visit:
#   https://github.com/adoptium/adoptium-support/issues
#

---------------  S U M M A R Y ------------

Command Line: -XX:+ShowCodeDetailsInExceptionMessages -agentlib:jdwp=transport=dt_socket,suspend=y,address=localhost:43015 -javaagent:/home/prasanth362k/.var/app/org.eclipse.Java/eclipse/configuration/org.eclipse.osgi/964/0/.cp/lib/javaagent-shaded.jar -Dfile.encoding=UTF-8 -Dstdout.encoding=UTF-8 -Dstderr.encoding=UTF-8 --module-path=/home/prasanth362k/git/repository2/Java_World/bin -Djdk.module.main=Java_World Java_World/patter.Pattern

Host: 12th Gen Intel(R) Core(TM) i5-1240P, 16 cores, 7G, GNOME 46 (Flatpak runtime)
Time: Fri Sep 20 05:31:24 2024 IST elapsed time: 108.412180 seconds (0d 0h 1m 48s)

---------------  T H R E A D  ---------------

Current thread (0x00007900a8366830):  JavaThread "JDWP Transport Listener: dt_socket" daemon [_thread_in_vm, id=2788, stack(0x0000790089f00000,0x000079008a000000) (1024K)] _threads_hazard_ptr=0x000079002c075eb0

Stack: [0x0000790089f00000,0x000079008a000000],  sp=0x0000790089ffd190,  free space=1012k
Native frames: (J=compiled Java code, j=interpreted, Vv=VM code, C=native code)
V  [libjvm.so+0xc89067]  Method::jmethod_id()+0x67
V  [libjvm.so+0xb0f204]  JvmtiEnvBase::get_frame_location(JavaThread*, int, _jmethodID**, long*)+0x144
V  [libjvm.so+0xb0f2d1]  GetFrameLocationClosure::do_thread(Thread*)+0x41
V  [libjvm.so+0x89d156]  HandshakeOperation::do_handshake(JavaThread*)+0x46
V  [libjvm.so+0x89d546]  HandshakeState::try_process(HandshakeOperation*) [clone .part.0]+0x106
V  [libjvm.so+0x89dcda]  Handshake::execute(HandshakeClosure*, ThreadsListHandle*, JavaThread*)+0x5ea
V  [libjvm.so+0xb01bc0]  JvmtiEnv::GetFrameLocation(_jobject*, int, _jmethodID**, long*)+0x230
V  [libjvm.so+0xab2ce9]  jvmti_GetFrameLocation+0x109
C  [libjdwp.so+0x21d07]  getFrameLocation+0x57
C  [libjdwp.so+0x22469]  initState+0x119
C  [libjdwp.so+0x233e6]  stepControl_beginStep+0xa6
C  [libjdwp.so+0x15735]  eventFilter_setStepFilter+0x85
C  [libjdwp.so+0x5a96]  setCommand+0x256
C  [libjdwp.so+0x13869]  debugLoop_run+0x2a9
C  [libjdwp.so+0x27f64]  attachThread+0x54
V  [libjvm.so+0xb289ed]  JvmtiAgentThread::start_function_wrapper(JavaThread*, JavaThread*)+0x3d
V  [libjvm.so+0x9276b8]  JavaThread::thread_main_inner()+0x1d8
V  [libjvm.so+0xf79b58]  Thread::call_run()+0xa8
V  [libjvm.so+0xd048ea]  thread_native_entry(Thread*)+0xda
C  [libc.so.6+0x8eea9]

siginfo: si_signo: 11 (SIGSEGV), si_code: 2 (SEGV_ACCERR), si_addr: 0x0000790068ca08f8

Registers:
RAX=0x0000790068ca08f0, RBX=0x0000790068a20938, RCX=0x0000000000000000, RDX=0x00007900a82fb3c0
RSP=0x0000790089ffd190, RBP=0x0000790089ffd1c0, RSI=0x0000790089ffd190, RDI=0x00007900ad8df3c8
R8 =0x0000000000000050, R9 =0x0000000000000000, R10=0x00007900ad9c9000, R11=0x0000000000000297
R12=0x00007900a8365960, R13=0x0000790089ffd190, R14=0x0000790089ffd210, R15=0x0000790028000ec0
RIP=0x00007900ad089067, EFLAGS=0x0000000000010297, CSGSFS=0x002b000000000033, ERR=0x0000000000000004
  TRAPNO=0x000000000000000e


Register to memory mapping:

RAX=0x0000790068ca08f0 is pointing into metadata
RBX=0x0000790068a20938 is pointing into metadata
RCX=0x0 is null
RDX=0x00007900a82fb3c0 points into unknown readable memory: 0x0000790068a20938 | 38 09 a2 68 00 79 00 00
RSP=0x0000790089ffd190 is pointing into the stack for thread: 0x00007900a8366830
RBP=0x0000790089ffd1c0 is pointing into the stack for thread: 0x00007900a8366830
RSI=0x0000790089ffd190 is pointing into the stack for thread: 0x00007900a8366830
RDI=0x00007900ad8df3c8: <offset 0x00000000014df3c8> in /app/eclipse/plugins/org.eclipse.justj.openjdk.hotspot.jre.full.linux.x86_64_21.0.4.v20240802-1551/jre/lib/server/libjvm.so at 0x00007900ac400000
R8 =0x0000000000000050 is an unknown value
R9 =0x0 is null
R10=0x00007900ad9c9000 points into unknown readable memory: 0x0100050403020100 | 00 01 02 03 04 05 00 01
R11=0x0000000000000297 is an unknown value
R12=0x00007900a8365960 points into unknown readable memory: 0x0000001e00000001 | 01 00 00 00 1e 00 00 00
R13=0x0000790089ffd190 is pointing into the stack for thread: 0x00007900a8366830
R14=0x0000790089ffd210 is pointing into the stack for thread: 0x00007900a8366830
R15=0x0000790028000ec0 points into unknown readable memory: 0x000079001c009670 | 70 96 00 1c 00 79 00 00

Top of Stack: (sp=0x0000790089ffd190)
0x0000790089ffd190:   0000790068a20938 00007900a8366830
0x0000790089ffd1a0:   00007900ac3fe990 0000790068a20938
0x0000790089ffd1b0:   00007900a8366f50 0000000000000000
0x0000790089ffd1c0:   0000790089ffe500 00007900acf0f204
0x0000790089ffd1d0:   0000790028000ec0 0000790028000ed0
0x0000790089ffd1e0:   00000000000003d8 00007900280012a8
0x0000790089ffd1f0:   000079001c009680 0000790028000ed0
0x0000790089ffd200:   0000790089ffe9a8 0000790089ffe9a0
0x0000790089ffd210:   00007900a8366830 00007900a8366f90
0x0000790089ffd220:   00007900a8366fd0 00007900a8366fe0
0x0000790089ffd230:   00007900a83670b8 00000000000000d8
0x0000790089ffd240:   0000790089ffe7c0 00000000000003d8
0x0000790089ffd250:   0000790028000ec0 0000790028000ed0
0x0000790089ffd260:   0000790028000ec0 0000790028000ed0
0x0000790089ffd270:   00007900280012a8 0000790028000ed0
0x0000790089ffd280:   0000000000000000 0000000000000000
0x0000790089ffd290:   0000000000000000 0000000000000000
0x0000790089ffd2a0:   0000000000000000 0000790089fff6c0
0x0000790089ffd2b0:   0000790089ffd2d0 00007900ad379fd7
0x0000790089ffd2c0:   0000790089ffd2d0 00007900ad37a04b
0x0000790089ffd2d0:   0000790089ffd320 00007900ac840741
0x0000790089ffd2e0:   000079001c009680 00007900a8000c30
0x0000790089ffd2f0:   00007900a8366830 00007900a802d910
0x0000790089ffd300:   0000000000000001 00007900a802d910
0x0000790089ffd310:   00007900a8000c30 00007900a8366830
0x0000790089ffd320:   0000790089ffe670 00007900acf12f23
0x0000790089ffd330:   00000000000003d8 00007900280012a8
0x0000790089ffd340:   0000790028000ec0 0000790028000ed0
0x0000790089ffd350:   0000790089ffd380 0000790028000ed0
0x0000790089ffd360:   0000790028000ec0 00007900a8366f50
0x0000790089ffd370:   0000790089ffd3c0 00007900a802d910
0x0000790089ffd380:   00007900a8366830 00007900a8366f90 

Instructions: (pc=0x00007900ad089067)
0x00007900ad088f67:   75 c0 49 8b 16 48 83 eb 01 48 8b 44 ce f8 48 89
0x00007900ad088f77:   54 ce f8 49 89 06 48 83 45 c8 01 eb 9c 0f 1f 40
0x00007900ad088f87:   00 4c 8b 75 c0 48 83 c3 01 4c 89 e2 48 89 de 4c
0x00007900ad088f97:   89 f7 e8 12 37 00 00 48 29 5d b8 48 8b 45 b8 49
0x00007900ad088fa7:   8d 14 de 48 89 55 c0 48 83 f8 01 0f 87 de fe ff
0x00007900ad088fb7:   ff 80 7d b0 00 74 29 31 c0 48 8b 5d a8 0f b7 d0
0x00007900ad088fc7:   48 8b 54 d3 08 48 8b 4a 08 66 89 41 28 48 8b 52
0x00007900ad088fd7:   08 66 89 42 32 83 c0 01 0f b7 d0 3b 55 b4 7c d9
0x00007900ad088fe7:   48 83 c4 38 5b 41 5c 41 5d 41 5e 41 5f 5d c3 49
0x00007900ad088ff7:   8b 36 e9 f0 fe ff ff 66 90 55 48 89 e5 41 55 41
0x00007900ad089007:   54 53 48 89 fb 48 83 ec 18 66 48 8d 3d b0 63 85
0x00007900ad089017:   00 66 66 48 e8 e0 e5 60 ff 66 48 0f 6e c3 48 8b
0x00007900ad089027:   00 66 48 0f 6e c8 66 0f 6c c1 0f 29 45 d0 48 85
0x00007900ad089037:   db 74 22 4c 8b a0 28 03 00 00 49 63 04 24 41 3b
0x00007900ad089047:   44 24 04 74 44 8d 50 01 41 89 14 24 49 8b 54 24
0x00007900ad089057:   08 48 89 1c c2 48 8b 43 08 4c 8d 6d d0 4c 89 ee
0x00007900ad089067:   48 8b 40 08 48 8b 78 18 e8 5c 54 c5 ff 4c 89 ef
0x00007900ad089077:   49 89 c4 e8 71 29 c1 ff 48 83 c4 18 4c 89 e0 5b
0x00007900ad089087:   41 5c 41 5d 5d c3 0f 1f 00 8d 70 01 85 f6 7e 19
0x00007900ad089097:   85 f0 75 15 4c 89 e7 e8 ed 9d 65 ff 49 63 04 24
0x00007900ad0890a7:   eb a3 0f 1f 80 00 00 00 00 0f bd f6 b9 20 00 00
0x00007900ad0890b7:   00 83 f6 1f 29 f1 be 01 00 00 00 d3 e6 eb d5 66
0x00007900ad0890c7:   2e 0f 1f 84 00 00 00 00 00 55 48 89 e5 41 56 41
0x00007900ad0890d7:   55 49 89 d5 41 54 41 89 f4 53 48 89 fb 48 83 ec
0x00007900ad0890e7:   10 66 48 8d 3d d8 62 85 00 66 66 48 e8 08 e5 60
0x00007900ad0890f7:   ff 66 48 0f 6e c3 48 8b 00 66 48 0f 6e c8 66 0f
0x00007900ad089107:   6c c1 0f 29 45 d0 48 85 db 74 1e 4c 8b b0 28 03
0x00007900ad089117:   00 00 49 63 06 41 3b 46 04 74 6e 8d 50 01 41 89
0x00007900ad089127:   16 49 8b 56 08 48 89 1c c2 48 8d 05 b1 f4 8d 00
0x00007900ad089137:   4c 8d 75 d0 48 8b 00 80 78 30 00 74 34 48 8b 43
0x00007900ad089147:   08 4c 89 e9 44 89 e2 4c 89 f6 48 8b 40 08 48 8b
0x00007900ad089157:   78 18 e8 22 3e c5 ff 4c 89 f7 e8 8a 28 c1 ff 48 


Stack slot to memory mapping:

stack at sp + 0 slots: 0x0000790068a20938 is pointing into metadata
stack at sp + 1 slots: 0x00007900a8366830 is a thread
stack at sp + 2 slots: 0x00007900ac3fe990 is pointing into the stack for thread: 0x00007900a802d910
stack at sp + 3 slots: 0x0000790068a20938 is pointing into metadata
stack at sp + 4 slots: 0x00007900a8366f50 points into unknown readable memory: 0x00007900a8000502 | 02 05 00 a8 00 79 00 00
stack at sp + 5 slots: 0x0 is null
stack at sp + 6 slots: 0x0000790089ffe500 is pointing into the stack for thread: 0x00007900a8366830
stack at sp + 7 slots: 0x00007900acf0f204: <offset 0x0000000000b0f204> in /app/eclipse/plugins/org.eclipse.justj.openjdk.hotspot.jre.full.linux.x86_64_21.0.4.v20240802-1551/jre/lib/server/libjvm.so at 0x00007900ac400000


---------------  P R O C E S S  ---------------

Threads class SMR info:
_java_thread_list=0x000079002c075eb0, length=13, elements={
0x00007900a802d910, 0x00007900a822b410, 0x00007900a822c5e0, 0x00007900a8237070,
0x00007900a82385e0, 0x00007900a8239b80, 0x00007900a822ec20, 0x00007900a82302e0,
0x00007900a82f10f0, 0x00007900a8366830, 0x00007900a837f8d0, 0x000079001c001120,
0x00007900a8450330
}

Java Threads: ( => current thread )
  0x00007900a802d910 JavaThread "main"                              [_thread_blocked, id=2768, stack(0x00007900ac300000,0x00007900ac400000) (1024K)]
  0x00007900a822b410 JavaThread "Reference Handler"          daemon [_thread_blocked, id=2776, stack(0x0000790090c94000,0x0000790090d94000) (1024K)]
  0x00007900a822c5e0 JavaThread "Finalizer"                  daemon [_thread_blocked, id=2777, stack(0x0000790090900000,0x0000790090a00000) (1024K)]
  0x00007900a8237070 JavaThread "Signal Dispatcher"          daemon [_thread_blocked, id=2778, stack(0x0000790090800000,0x0000790090900000) (1024K)]
  0x00007900a82385e0 JavaThread "Service Thread"             daemon [_thread_blocked, id=2779, stack(0x0000790090700000,0x0000790090800000) (1024K)]
  0x00007900a8239b80 JavaThread "Monitor Deflation Thread"   daemon [_thread_blocked, id=2780, stack(0x0000790090600000,0x0000790090700000) (1024K)]
  0x00007900a822ec20 JavaThread "C2 CompilerThread0"         daemon [_thread_blocked, id=2781, stack(0x0000790090500000,0x0000790090600000) (1024K)]
  0x00007900a82302e0 JavaThread "C1 CompilerThread0"         daemon [_thread_blocked, id=2782, stack(0x0000790090400000,0x0000790090500000) (1024K)]
  0x00007900a82f10f0 JavaThread "Common-Cleaner"             daemon [_thread_blocked, id=2783, stack(0x0000790090300000,0x0000790090400000) (1024K)]
=>0x00007900a8366830 JavaThread "JDWP Transport Listener: dt_socket" daemon [_thread_in_vm, id=2788, stack(0x0000790089f00000,0x000079008a000000) (1024K)]
  0x00007900a837f8d0 JavaThread "JDWP Event Helper Thread"   daemon [_thread_blocked, id=2790, stack(0x0000790089e00000,0x0000790089f00000) (1024K)]
  0x000079001c001120 JavaThread "JDWP Command Reader"        daemon [_thread_in_native, id=2792, stack(0x0000790089d00000,0x0000790089e00000) (1024K)]
  0x00007900a8450330 JavaThread "Notification Thread"        daemon [_thread_blocked, id=2796, stack(0x0000790089c00000,0x0000790089d00000) (1024K)]
Total: 13

Other Threads:
  0x00007900a819b340 VMThread "VM Thread"                           [id=2775, stack(0x0000790090ded000,0x0000790090eed000) (1024K)]
  0x00007900a814acf0 WatcherThread "VM Periodic Task Thread"        [id=2774, stack(0x0000790090eee000,0x0000790090fee000) (1024K)]
  0x00007900a8083960 WorkerThread "GC Thread#0"                     [id=2769, stack(0x0000790092100000,0x0000790092200000) (1024K)]
  0x00007900a8093d90 ConcurrentGCThread "G1 Main Marker"            [id=2770, stack(0x0000790091fff000,0x00007900920ff000) (1024K)]
  0x00007900a8094d30 WorkerThread "G1 Conc#0"                       [id=2771, stack(0x0000790091efe000,0x0000790091ffe000) (1024K)]
  0x00007900a8139de0 ConcurrentGCThread "G1 Refine#0"               [id=2772, stack(0x00007900910f0000,0x00007900911f0000) (1024K)]
  0x00007900a813ad90 ConcurrentGCThread "G1 Service"                [id=2773, stack(0x0000790090fef000,0x00007900910ef000) (1024K)]
Total: 7

Threads with active compile tasks:
Total: 0

VM state: not at safepoint (normal execution)

VM Mutex/Monitor currently owned by a thread: None

Heap address: 0x0000000089000000, size: 1904 MB, Compressed Oops mode: 32-bit

CDS archive(s) not mapped
Compressed class space mapped at: 0x0000000100000000-0x0000000140000000, reserved size: 1073741824
Narrow klass base: 0x0000000000000000, Narrow klass shift: 3, Narrow klass range: 0x140000000

GC Precious Log:
 CardTable entry size: 512
 Card Set container configuration: InlinePtr #cards 5 size 8 Array Of Cards #cards 12 size 40 Howl #buckets 4 coarsen threshold 1843 Howl Bitmap #cards 512 size 80 coarsen threshold 460 Card regions per heap region 1 cards per card region 2048
 CPUs: 16 total, 16 available
 Memory: 7611M
 Large Page Support: Disabled
 NUMA Support: Disabled
 Compressed Oops: Enabled (32-bit)
 Heap Region Size: 1M
 Heap Min Capacity: 8M
 Heap Initial Capacity: 120M
 Heap Max Capacity: 1904M
 Pre-touch: Disabled
 Parallel Workers: 13
 Concurrent Workers: 3
 Concurrent Refinement Workers: 13
 Periodic GC: Disabled

Heap:
 garbage-first heap   total 122880K, used 6144K [0x0000000089000000, 0x0000000100000000)
  region size 1024K, 7 young (7168K), 0 survivors (0K)
 Metaspace       used 11217K, committed 11392K, reserved 1114112K
  class space    used 949K, committed 1024K, reserved 1048576K

Heap Regions: E=young(eden), S=young(survivor), O=old, HS=humongous(starts), HC=humongous(continues), CS=collection set, F=free, TAMS=top-at-mark-start, PB=parsable bottom
|   0|0x0000000089000000, 0x0000000089000000, 0x0000000089100000|  0%| F|  |TAMS 0x0000000089000000| PB 0x0000000089000000| Untracked 
|   1|0x0000000089100000, 0x0000000089100000, 0x0000000089200000|  0%| F|  |TAMS 0x0000000089100000| PB 0x0000000089100000| Untracked 
|   2|0x0000000089200000, 0x0000000089200000, 0x0000000089300000|  0%| F|  |TAMS 0x0000000089200000| PB 0x0000000089200000| Untracked 
|   3|0x0000000089300000, 0x0000000089300000, 0x0000000089400000|  0%| F|  |TAMS 0x0000000089300000| PB 0x0000000089300000| Untracked 
|   4|0x0000000089400000, 0x0000000089400000, 0x0000000089500000|  0%| F|  |TAMS 0x0000000089400000| PB 0x0000000089400000| Untracked 
|   5|0x0000000089500000, 0x0000000089500000, 0x0000000089600000|  0%| F|  |TAMS 0x0000000089500000| PB 0x0000000089500000| Untracked 
|   6|0x0000000089600000, 0x0000000089600000, 0x0000000089700000|  0%| F|  |TAMS 0x0000000089600000| PB 0x0000000089600000| Untracked 
|   7|0x0000000089700000, 0x0000000089700000, 0x0000000089800000|  0%| F|  |TAMS 0x0000000089700000| PB 0x0000000089700000| Untracked 
|   8|0x0000000089800000, 0x0000000089800000, 0x0000000089900000|  0%| F|  |TAMS 0x0000000089800000| PB 0x0000000089800000| Untracked 
|   9|0x0000000089900000, 0x0000000089900000, 0x0000000089a00000|  0%| F|  |TAMS 0x0000000089900000| PB 0x0000000089900000| Untracked 
|  10|0x0000000089a00000, 0x0000000089a00000, 0x0000000089b00000|  0%| F|  |TAMS 0x0000000089a00000| PB 0x0000000089a00000| Untracked 
|  11|0x0000000089b00000, 0x0000000089b00000, 0x0000000089c00000|  0%| F|  |TAMS 0x0000000089b00000| PB 0x0000000089b00000| Untracked 
|  12|0x0000000089c00000, 0x0000000089c00000, 0x0000000089d00000|  0%| F|  |TAMS 0x0000000089c00000| PB 0x0000000089c00000| Untracked 
|  13|0x0000000089d00000, 0x0000000089d00000, 0x0000000089e00000|  0%| F|  |TAMS 0x0000000089d00000| PB 0x0000000089d00000| Untracked 
|  14|0x0000000089e00000, 0x0000000089e00000, 0x0000000089f00000|  0%| F|  |TAMS 0x0000000089e00000| PB 0x0000000089e00000| Untracked 
|  15|0x0000000089f00000, 0x0000000089f00000, 0x000000008a000000|  0%| F|  |TAMS 0x0000000089f00000| PB 0x0000000089f00000| Untracked 
|  16|0x000000008a000000, 0x000000008a000000, 0x000000008a100000|  0%| F|  |TAMS 0x000000008a000000| PB 0x000000008a000000| Untracked 
|  17|0x000000008a100000, 0x000000008a100000, 0x000000008a200000|  0%| F|  |TAMS 0x000000008a100000| PB 0x000000008a100000| Untracked 
|  18|0x000000008a200000, 0x000000008a200000, 0x000000008a300000|  0%| F|  |TAMS 0x000000008a200000| PB 0x000000008a200000| Untracked 
|  19|0x000000008a300000, 0x000000008a300000, 0x000000008a400000|  0%| F|  |TAMS 0x000000008a300000| PB 0x000000008a300000| Untracked 
|  20|0x000000008a400000, 0x000000008a400000, 0x000000008a500000|  0%| F|  |TAMS 0x000000008a400000| PB 0x000000008a400000| Untracked 
|  21|0x000000008a500000, 0x000000008a500000, 0x000000008a600000|  0%| F|  |TAMS 0x000000008a500000| PB 0x000000008a500000| Untracked 
|  22|0x000000008a600000, 0x000000008a600000, 0x000000008a700000|  0%| F|  |TAMS 0x000000008a600000| PB 0x000000008a600000| Untracked 
|  23|0x000000008a700000, 0x000000008a700000, 0x000000008a800000|  0%| F|  |TAMS 0x000000008a700000| PB 0x000000008a700000| Untracked 
|  24|0x000000008a800000, 0x000000008a800000, 0x000000008a900000|  0%| F|  |TAMS 0x000000008a800000| PB 0x000000008a800000| Untracked 
|  25|0x000000008a900000, 0x000000008a900000, 0x000000008aa00000|  0%| F|  |TAMS 0x000000008a900000| PB 0x000000008a900000| Untracked 
|  26|0x000000008aa00000, 0x000000008aa00000, 0x000000008ab00000|  0%| F|  |TAMS 0x000000008aa00000| PB 0x000000008aa00000| Untracked 
|  27|0x000000008ab00000, 0x000000008ab00000, 0x000000008ac00000|  0%| F|  |TAMS 0x000000008ab00000| PB 0x000000008ab00000| Untracked 
|  28|0x000000008ac00000, 0x000000008ac00000, 0x000000008ad00000|  0%| F|  |TAMS 0x000000008ac00000| PB 0x000000008ac00000| Untracked 
|  29|0x000000008ad00000, 0x000000008ad00000, 0x000000008ae00000|  0%| F|  |TAMS 0x000000008ad00000| PB 0x000000008ad00000| Untracked 
|  30|0x000000008ae00000, 0x000000008ae00000, 0x000000008af00000|  0%| F|  |TAMS 0x000000008ae00000| PB 0x000000008ae00000| Untracked 
|  31|0x000000008af00000, 0x000000008af00000, 0x000000008b000000|  0%| F|  |TAMS 0x000000008af00000| PB 0x000000008af00000| Untracked 
|  32|0x000000008b000000, 0x000000008b000000, 0x000000008b100000|  0%| F|  |TAMS 0x000000008b000000| PB 0x000000008b000000| Untracked 
|  33|0x000000008b100000, 0x000000008b100000, 0x000000008b200000|  0%| F|  |TAMS 0x000000008b100000| PB 0x000000008b100000| Untracked 
|  34|0x000000008b200000, 0x000000008b200000, 0x000000008b300000|  0%| F|  |TAMS 0x000000008b200000| PB 0x000000008b200000| Untracked 
|  35|0x000000008b300000, 0x000000008b300000, 0x000000008b400000|  0%| F|  |TAMS 0x000000008b300000| PB 0x000000008b300000| Untracked 
|  36|0x000000008b400000, 0x000000008b400000, 0x000000008b500000|  0%| F|  |TAMS 0x000000008b400000| PB 0x000000008b400000| Untracked 
|  37|0x000000008b500000, 0x000000008b500000, 0x000000008b600000|  0%| F|  |TAMS 0x000000008b500000| PB 0x000000008b500000| Untracked 
|  38|0x000000008b600000, 0x000000008b600000, 0x000000008b700000|  0%| F|  |TAMS 0x000000008b600000| PB 0x000000008b600000| Untracked 
|  39|0x000000008b700000, 0x000000008b700000, 0x000000008b800000|  0%| F|  |TAMS 0x000000008b700000| PB 0x000000008b700000| Untracked 
|  40|0x000000008b800000, 0x000000008b800000, 0x000000008b900000|  0%| F|  |TAMS 0x000000008b800000| PB 0x000000008b800000| Untracked 
|  41|0x000000008b900000, 0x000000008b900000, 0x000000008ba00000|  0%| F|  |TAMS 0x000000008b900000| PB 0x000000008b900000| Untracked 
|  42|0x000000008ba00000, 0x000000008ba00000, 0x000000008bb00000|  0%| F|  |TAMS 0x000000008ba00000| PB 0x000000008ba00000| Untracked 
|  43|0x000000008bb00000, 0x000000008bb00000, 0x000000008bc00000|  0%| F|  |TAMS 0x000000008bb00000| PB 0x000000008bb00000| Untracked 
|  44|0x000000008bc00000, 0x000000008bc00000, 0x000000008bd00000|  0%| F|  |TAMS 0x000000008bc00000| PB 0x000000008bc00000| Untracked 
|  45|0x000000008bd00000, 0x000000008bd00000, 0x000000008be00000|  0%| F|  |TAMS 0x000000008bd00000| PB 0x000000008bd00000| Untracked 
|  46|0x000000008be00000, 0x000000008be00000, 0x000000008bf00000|  0%| F|  |TAMS 0x000000008be00000| PB 0x000000008be00000| Untracked 
|  47|0x000000008bf00000, 0x000000008bf00000, 0x000000008c000000|  0%| F|  |TAMS 0x000000008bf00000| PB 0x000000008bf00000| Untracked 
|  48|0x000000008c000000, 0x000000008c000000, 0x000000008c100000|  0%| F|  |TAMS 0x000000008c000000| PB 0x000000008c000000| Untracked 
|  49|0x000000008c100000, 0x000000008c100000, 0x000000008c200000|  0%| F|  |TAMS 0x000000008c100000| PB 0x000000008c100000| Untracked 
|  50|0x000000008c200000, 0x000000008c200000, 0x000000008c300000|  0%| F|  |TAMS 0x000000008c200000| PB 0x000000008c200000| Untracked 
|  51|0x000000008c300000, 0x000000008c300000, 0x000000008c400000|  0%| F|  |TAMS 0x000000008c300000| PB 0x000000008c300000| Untracked 
|  52|0x000000008c400000, 0x000000008c400000, 0x000000008c500000|  0%| F|  |TAMS 0x000000008c400000| PB 0x000000008c400000| Untracked 
|  53|0x000000008c500000, 0x000000008c500000, 0x000000008c600000|  0%| F|  |TAMS 0x000000008c500000| PB 0x000000008c500000| Untracked 
|  54|0x000000008c600000, 0x000000008c600000, 0x000000008c700000|  0%| F|  |TAMS 0x000000008c600000| PB 0x000000008c600000| Untracked 
|  55|0x000000008c700000, 0x000000008c700000, 0x000000008c800000|  0%| F|  |TAMS 0x000000008c700000| PB 0x000000008c700000| Untracked 
|  56|0x000000008c800000, 0x000000008c800000, 0x000000008c900000|  0%| F|  |TAMS 0x000000008c800000| PB 0x000000008c800000| Untracked 
|  57|0x000000008c900000, 0x000000008c900000, 0x000000008ca00000|  0%| F|  |TAMS 0x000000008c900000| PB 0x000000008c900000| Untracked 
|  58|0x000000008ca00000, 0x000000008ca00000, 0x000000008cb00000|  0%| F|  |TAMS 0x000000008ca00000| PB 0x000000008ca00000| Untracked 
|  59|0x000000008cb00000, 0x000000008cb00000, 0x000000008cc00000|  0%| F|  |TAMS 0x000000008cb00000| PB 0x000000008cb00000| Untracked 
|  60|0x000000008cc00000, 0x000000008cc00000, 0x000000008cd00000|  0%| F|  |TAMS 0x000000008cc00000| PB 0x000000008cc00000| Untracked 
|  61|0x000000008cd00000, 0x000000008cd00000, 0x000000008ce00000|  0%| F|  |TAMS 0x000000008cd00000| PB 0x000000008cd00000| Untracked 
|  62|0x000000008ce00000, 0x000000008ce00000, 0x000000008cf00000|  0%| F|  |TAMS 0x000000008ce00000| PB 0x000000008ce00000| Untracked 
|  63|0x000000008cf00000, 0x000000008cf00000, 0x000000008d000000|  0%| F|  |TAMS 0x000000008cf00000| PB 0x000000008cf00000| Untracked 
|  64|0x000000008d000000, 0x000000008d000000, 0x000000008d100000|  0%| F|  |TAMS 0x000000008d000000| PB 0x000000008d000000| Untracked 
|  65|0x000000008d100000, 0x000000008d100000, 0x000000008d200000|  0%| F|  |TAMS 0x000000008d100000| PB 0x000000008d100000| Untracked 
|  66|0x000000008d200000, 0x000000008d200000, 0x000000008d300000|  0%| F|  |TAMS 0x000000008d200000| PB 0x000000008d200000| Untracked 
|  67|0x000000008d300000, 0x000000008d300000, 0x000000008d400000|  0%| F|  |TAMS 0x000000008d300000| PB 0x000000008d300000| Untracked 
|  68|0x000000008d400000, 0x000000008d400000, 0x000000008d500000|  0%| F|  |TAMS 0x000000008d400000| PB 0x000000008d400000| Untracked 
|  69|0x000000008d500000, 0x000000008d500000, 0x000000008d600000|  0%| F|  |TAMS 0x000000008d500000| PB 0x000000008d500000| Untracked 
|  70|0x000000008d600000, 0x000000008d600000, 0x000000008d700000|  0%| F|  |TAMS 0x000000008d600000| PB 0x000000008d600000| Untracked 
|  71|0x000000008d700000, 0x000000008d700000, 0x000000008d800000|  0%| F|  |TAMS 0x000000008d700000| PB 0x000000008d700000| Untracked 
|  72|0x000000008d800000, 0x000000008d800000, 0x000000008d900000|  0%| F|  |TAMS 0x000000008d800000| PB 0x000000008d800000| Untracked 
|  73|0x000000008d900000, 0x000000008d900000, 0x000000008da00000|  0%| F|  |TAMS 0x000000008d900000| PB 0x000000008d900000| Untracked 
|  74|0x000000008da00000, 0x000000008da00000, 0x000000008db00000|  0%| F|  |TAMS 0x000000008da00000| PB 0x000000008da00000| Untracked 
|  75|0x000000008db00000, 0x000000008db00000, 0x000000008dc00000|  0%| F|  |TAMS 0x000000008db00000| PB 0x000000008db00000| Untracked 
|  76|0x000000008dc00000, 0x000000008dc00000, 0x000000008dd00000|  0%| F|  |TAMS 0x000000008dc00000| PB 0x000000008dc00000| Untracked 
|  77|0x000000008dd00000, 0x000000008dd00000, 0x000000008de00000|  0%| F|  |TAMS 0x000000008dd00000| PB 0x000000008dd00000| Untracked 
|  78|0x000000008de00000, 0x000000008de00000, 0x000000008df00000|  0%| F|  |TAMS 0x000000008de00000| PB 0x000000008de00000| Untracked 
|  79|0x000000008df00000, 0x000000008df00000, 0x000000008e000000|  0%| F|  |TAMS 0x000000008df00000| PB 0x000000008df00000| Untracked 
|  80|0x000000008e000000, 0x000000008e000000, 0x000000008e100000|  0%| F|  |TAMS 0x000000008e000000| PB 0x000000008e000000| Untracked 
|  81|0x000000008e100000, 0x000000008e100000, 0x000000008e200000|  0%| F|  |TAMS 0x000000008e100000| PB 0x000000008e100000| Untracked 
|  82|0x000000008e200000, 0x000000008e200000, 0x000000008e300000|  0%| F|  |TAMS 0x000000008e200000| PB 0x000000008e200000| Untracked 
|  83|0x000000008e300000, 0x000000008e300000, 0x000000008e400000|  0%| F|  |TAMS 0x000000008e300000| PB 0x000000008e300000| Untracked 
|  84|0x000000008e400000, 0x000000008e400000, 0x000000008e500000|  0%| F|  |TAMS 0x000000008e400000| PB 0x000000008e400000| Untracked 
|  85|0x000000008e500000, 0x000000008e500000, 0x000000008e600000|  0%| F|  |TAMS 0x000000008e500000| PB 0x000000008e500000| Untracked 
|  86|0x000000008e600000, 0x000000008e600000, 0x000000008e700000|  0%| F|  |TAMS 0x000000008e600000| PB 0x000000008e600000| Untracked 
|  87|0x000000008e700000, 0x000000008e700000, 0x000000008e800000|  0%| F|  |TAMS 0x000000008e700000| PB 0x000000008e700000| Untracked 
|  88|0x000000008e800000, 0x000000008e800000, 0x000000008e900000|  0%| F|  |TAMS 0x000000008e800000| PB 0x000000008e800000| Untracked 
|  89|0x000000008e900000, 0x000000008e900000, 0x000000008ea00000|  0%| F|  |TAMS 0x000000008e900000| PB 0x000000008e900000| Untracked 
|  90|0x000000008ea00000, 0x000000008ea00000, 0x000000008eb00000|  0%| F|  |TAMS 0x000000008ea00000| PB 0x000000008ea00000| Untracked 
|  91|0x000000008eb00000, 0x000000008eb00000, 0x000000008ec00000|  0%| F|  |TAMS 0x000000008eb00000| PB 0x000000008eb00000| Untracked 
|  92|0x000000008ec00000, 0x000000008ec00000, 0x000000008ed00000|  0%| F|  |TAMS 0x000000008ec00000| PB 0x000000008ec00000| Untracked 
|  93|0x000000008ed00000, 0x000000008ed00000, 0x000000008ee00000|  0%| F|  |TAMS 0x000000008ed00000| PB 0x000000008ed00000| Untracked 
|  94|0x000000008ee00000, 0x000000008ee00000, 0x000000008ef00000|  0%| F|  |TAMS 0x000000008ee00000| PB 0x000000008ee00000| Untracked 
|  95|0x000000008ef00000, 0x000000008ef00000, 0x000000008f000000|  0%| F|  |TAMS 0x000000008ef00000| PB 0x000000008ef00000| Untracked 
|  96|0x000000008f000000, 0x000000008f000000, 0x000000008f100000|  0%| F|  |TAMS 0x000000008f000000| PB 0x000000008f000000| Untracked 
|  97|0x000000008f100000, 0x000000008f100000, 0x000000008f200000|  0%| F|  |TAMS 0x000000008f100000| PB 0x000000008f100000| Untracked 
|  98|0x000000008f200000, 0x000000008f200000, 0x000000008f300000|  0%| F|  |TAMS 0x000000008f200000| PB 0x000000008f200000| Untracked 
|  99|0x000000008f300000, 0x000000008f300000, 0x000000008f400000|  0%| F|  |TAMS 0x000000008f300000| PB 0x000000008f300000| Untracked 
| 100|0x000000008f400000, 0x000000008f400000, 0x000000008f500000|  0%| F|  |TAMS 0x000000008f400000| PB 0x000000008f400000| Untracked 
| 101|0x000000008f500000, 0x000000008f500000, 0x000000008f600000|  0%| F|  |TAMS 0x000000008f500000| PB 0x000000008f500000| Untracked 
| 102|0x000000008f600000, 0x000000008f600000, 0x000000008f700000|  0%| F|  |TAMS 0x000000008f600000| PB 0x000000008f600000| Untracked 
| 103|0x000000008f700000, 0x000000008f700000, 0x000000008f800000|  0%| F|  |TAMS 0x000000008f700000| PB 0x000000008f700000| Untracked 
| 104|0x000000008f800000, 0x000000008f800000, 0x000000008f900000|  0%| F|  |TAMS 0x000000008f800000| PB 0x000000008f800000| Untracked 
| 105|0x000000008f900000, 0x000000008f900000, 0x000000008fa00000|  0%| F|  |TAMS 0x000000008f900000| PB 0x000000008f900000| Untracked 
| 106|0x000000008fa00000, 0x000000008fa00000, 0x000000008fb00000|  0%| F|  |TAMS 0x000000008fa00000| PB 0x000000008fa00000| Untracked 
| 107|0x000000008fb00000, 0x000000008fb00000, 0x000000008fc00000|  0%| F|  |TAMS 0x000000008fb00000| PB 0x000000008fb00000| Untracked 
| 108|0x000000008fc00000, 0x000000008fc00000, 0x000000008fd00000|  0%| F|  |TAMS 0x000000008fc00000| PB 0x000000008fc00000| Untracked 
| 109|0x000000008fd00000, 0x000000008fd00000, 0x000000008fe00000|  0%| F|  |TAMS 0x000000008fd00000| PB 0x000000008fd00000| Untracked 
| 110|0x000000008fe00000, 0x000000008fe00000, 0x000000008ff00000|  0%| F|  |TAMS 0x000000008fe00000| PB 0x000000008fe00000| Untracked 
| 111|0x000000008ff00000, 0x000000008ff00000, 0x0000000090000000|  0%| F|  |TAMS 0x000000008ff00000| PB 0x000000008ff00000| Untracked 
| 112|0x0000000090000000, 0x0000000090000000, 0x0000000090100000|  0%| F|  |TAMS 0x0000000090000000| PB 0x0000000090000000| Untracked 
| 113|0x0000000090100000, 0x0000000090200000, 0x0000000090200000|100%| E|  |TAMS 0x0000000090100000| PB 0x0000000090100000| Complete 
| 114|0x0000000090200000, 0x0000000090300000, 0x0000000090300000|100%| E|CS|TAMS 0x0000000090200000| PB 0x0000000090200000| Complete 
| 115|0x0000000090300000, 0x0000000090400000, 0x0000000090400000|100%| E|CS|TAMS 0x0000000090300000| PB 0x0000000090300000| Complete 
| 116|0x0000000090400000, 0x0000000090500000, 0x0000000090500000|100%| E|CS|TAMS 0x0000000090400000| PB 0x0000000090400000| Complete 
| 117|0x0000000090500000, 0x0000000090600000, 0x0000000090600000|100%| E|CS|TAMS 0x0000000090500000| PB 0x0000000090500000| Complete 
| 118|0x0000000090600000, 0x0000000090700000, 0x0000000090700000|100%| E|CS|TAMS 0x0000000090600000| PB 0x0000000090600000| Complete 
| 119|0x0000000090700000, 0x0000000090800000, 0x0000000090800000|100%| E|CS|TAMS 0x0000000090700000| PB 0x0000000090700000| Complete 

Card table byte_map: [0x0000790094000000,0x00007900943b8000] _byte_map_base: 0x0000790093bb8000

Marking Bits: (CMBitMap*) 0x00007900a8084480
 Bits: [0x0000790092200000, 0x0000790093fc0000)

Polling page: 0x00007900add60000

Metaspace:

Usage:
  Non-class:     10.03 MB used.
      Class:    949.42 KB used.
       Both:     10.95 MB used.

Virtual space:
  Non-class space:       64.00 MB reserved,      10.12 MB ( 16%) committed,  1 nodes.
      Class space:        1.00 GB reserved,       1.00 MB ( <1%) committed,  1 nodes.
             Both:        1.06 GB reserved,      11.12 MB (  1%) committed. 

Chunk freelists:
   Non-Class:  5.86 MB
       Class:  15.03 MB
        Both:  20.89 MB

MaxMetaspaceSize: unlimited
CompressedClassSpaceSize: 1.00 GB
Initial GC threshold: 21.00 MB
Current GC threshold: 21.00 MB
CDS: off
 - commit_granule_bytes: 65536.
 - commit_granule_words: 8192.
 - virtual_space_node_default_size: 8388608.
 - enlarge_chunks_in_place: 1.
 - use_allocation_guard: 0.


Internal statistics:

num_allocs_failed_limit: 0.
num_arena_births: 34.
num_arena_deaths: 0.
num_vsnodes_births: 2.
num_vsnodes_deaths: 0.
num_space_committed: 178.
num_space_uncommitted: 0.
num_chunks_returned_to_freelist: 0.
num_chunks_taken_from_freelist: 72.
num_chunk_merges: 0.
num_chunk_splits: 39.
num_chunks_enlarged: 25.
num_inconsistent_stats: 0.

CodeHeap 'non-profiled nmethods': size=119168Kb used=181Kb max_used=181Kb free=118986Kb
 bounds [0x000079009cfa0000, 0x000079009d210000, 0x00007900a4400000]
CodeHeap 'profiled nmethods': size=119164Kb used=826Kb max_used=826Kb free=118337Kb
 bounds [0x0000790095400000, 0x0000790095670000, 0x000079009c85f000]
CodeHeap 'non-nmethods': size=7428Kb used=1379Kb max_used=2524Kb free=6048Kb
 bounds [0x000079009c85f000, 0x000079009cadf000, 0x000079009cfa0000]
 total_blobs=987 nmethods=536 adapters=357
 compilation: enabled
              stopped_count=0, restarted_count=0
 full_count=0

Compilation events (20 events):
Event: 0.240 Thread 0x00007900a822ec20 nmethod 518 0x000079009cfcb510 code [0x000079009cfcb6c0, 0x000079009cfcbc30]
Event: 0.240 Thread 0x00007900a82302e0  532       3       sun.security.x509.X509CertImpl::getEncodedInternal (20 bytes)
Event: 0.240 Thread 0x00007900381122f0  533   !   3       java.security.cert.Certificate::equals (38 bytes)
Event: 0.240 Thread 0x00007900a822ec20  531       4       java.lang.StringLatin1::lastIndexOf (40 bytes)
Event: 0.240 Thread 0x00007900a82302e0 nmethod 532 0x00007900954cb390 code [0x00007900954cb560, 0x00007900954cbae0]
Event: 0.241 Thread 0x00007900381122f0 nmethod 533 0x00007900954cbc90 code [0x00007900954cbf00, 0x00007900954ccce0]
Event: 0.241 Thread 0x0000790038113ac0  534       3       java.lang.StringConcatHelper::stringOf (20 bytes)
Event: 0.241 Thread 0x00007900381122f0  535       3       java.lang.StringConcatHelper::mix (27 bytes)
Event: 0.241 Thread 0x00007900a82302e0  536       3       java.lang.StringConcatHelper::checkOverflow (17 bytes)
Event: 0.241 Thread 0x00007900a82302e0 nmethod 536 0x00007900954cd110 code [0x00007900954cd2c0, 0x00007900954cd4b8]
Event: 0.241 Thread 0x00007900a82302e0  537       3       java.lang.StringConcatHelper::prepend (37 bytes)
Event: 0.241 Thread 0x0000790038113ac0 nmethod 534 0x00007900954cd590 code [0x00007900954cd740, 0x00007900954cd978]
Event: 0.241 Thread 0x00007900a82302e0 nmethod 537 0x00007900954cda90 code [0x00007900954cdc60, 0x00007900954cdf48]
Event: 0.241 Thread 0x00007900381122f0 nmethod 535 0x00007900954ce090 code [0x00007900954ce260, 0x00007900954ce678]
Event: 0.242 Thread 0x00007900a822ec20 nmethod 531 0x000079009cfcbe10 code [0x000079009cfcbfa0, 0x000079009cfcc1a0]
Event: 0.242 Thread 0x00007900a822ec20  529       4       java.util.zip.ZipUtils::SH (21 bytes)
Event: 0.243 Thread 0x00007900a822ec20 nmethod 529 0x000079009cfcc310 code [0x000079009cfcc480, 0x000079009cfcc560]
Event: 0.250 Thread 0x0000790028039d90 nmethod 510 0x000079009cfcc610 code [0x000079009cfcc7c0, 0x000079009cfcd318]
Event: 30.841 Thread 0x00007900a82302e0  538       3       org.eclipse.jdt.launching.internal.org.objectweb.asm.ClassReader::readUnsignedShort (26 bytes)
Event: 30.843 Thread 0x00007900a82302e0 


GC Heap History (0 events):
No events

Dll operation events (8 events):
Event: 0.002 Loaded shared library /app/eclipse/plugins/org.eclipse.justj.openjdk.hotspot.jre.full.linux.x86_64_21.0.4.v20240802-1551/jre/lib/libjava.so
Event: 0.005 Loaded shared library /app/eclipse/plugins/org.eclipse.justj.openjdk.hotspot.jre.full.linux.x86_64_21.0.4.v20240802-1551/jre/lib/libzip.so
Event: 0.037 Loaded shared library /app/eclipse/plugins/org.eclipse.justj.openjdk.hotspot.jre.full.linux.x86_64_21.0.4.v20240802-1551/jre/lib/libnio.so
Event: 0.065 Loaded shared library /app/eclipse/plugins/org.eclipse.justj.openjdk.hotspot.jre.full.linux.x86_64_21.0.4.v20240802-1551/jre/lib/libnet.so
Event: 0.134 Loaded shared library /app/eclipse/plugins/org.eclipse.justj.openjdk.hotspot.jre.full.linux.x86_64_21.0.4.v20240802-1551/jre/lib/libinstrument.so
Event: 0.139 Loaded shared library /app/eclipse/plugins/org.eclipse.justj.openjdk.hotspot.jre.full.linux.x86_64_21.0.4.v20240802-1551/jre/lib/libzip.so
Event: 0.200 Loaded shared library /app/eclipse/plugins/org.eclipse.justj.openjdk.hotspot.jre.full.linux.x86_64_21.0.4.v20240802-1551/jre/lib/libjimage.so
Event: 0.230 Loaded shared library /app/eclipse/plugins/org.eclipse.justj.openjdk.hotspot.jre.full.linux.x86_64_21.0.4.v20240802-1551/jre/lib/libverify.so

Deoptimization events (20 events):
Event: 0.236 Thread 0x00007900a802d910 DEOPT PACKING pc=0x00007900954aae24 sp=0x00007900ac3f8b30
Event: 0.236 Thread 0x00007900a802d910 DEOPT UNPACKING pc=0x000079009c8b372f sp=0x00007900ac3f7fd8 mode 0
Event: 0.237 Thread 0x00007900a802d910 DEOPT PACKING pc=0x00007900954aae24 sp=0x00007900ac3fbd20
Event: 0.237 Thread 0x00007900a802d910 DEOPT UNPACKING pc=0x000079009c8b372f sp=0x00007900ac3fb1c8 mode 0
Event: 0.237 Thread 0x00007900a802d910 DEOPT PACKING pc=0x00007900954aae24 sp=0x00007900ac3fbd20
Event: 0.237 Thread 0x00007900a802d910 DEOPT UNPACKING pc=0x000079009c8b372f sp=0x00007900ac3fb1c8 mode 0
Event: 0.237 Thread 0x00007900a802d910 DEOPT PACKING pc=0x00007900954aae24 sp=0x00007900ac3fbd20
Event: 0.237 Thread 0x00007900a802d910 DEOPT UNPACKING pc=0x000079009c8b372f sp=0x00007900ac3fb1c8 mode 0
Event: 0.238 Thread 0x00007900a802d910 DEOPT PACKING pc=0x00007900954aae24 sp=0x00007900ac3f8ab0
Event: 0.238 Thread 0x00007900a802d910 DEOPT UNPACKING pc=0x000079009c8b372f sp=0x00007900ac3f7f58 mode 0
Event: 0.238 Thread 0x00007900a802d910 DEOPT PACKING pc=0x00007900954aae24 sp=0x00007900ac3fbc50
Event: 0.238 Thread 0x00007900a802d910 DEOPT UNPACKING pc=0x000079009c8b372f sp=0x00007900ac3fb0f8 mode 0
Event: 0.240 Thread 0x00007900a802d910 DEOPT PACKING pc=0x0000790095480414 sp=0x00007900ac3f8930
Event: 0.240 Thread 0x00007900a802d910 DEOPT UNPACKING pc=0x000079009c8b372f sp=0x00007900ac3f7de8 mode 0
Event: 0.241 Thread 0x00007900a802d910 DEOPT PACKING pc=0x00007900954aae24 sp=0x00007900ac3f8730
Event: 0.241 Thread 0x00007900a802d910 DEOPT UNPACKING pc=0x000079009c8b372f sp=0x00007900ac3f7bd8 mode 0
Event: 0.241 Thread 0x00007900a802d910 DEOPT PACKING pc=0x00007900954aae24 sp=0x00007900ac3f8730
Event: 0.241 Thread 0x00007900a802d910 DEOPT UNPACKING pc=0x000079009c8b372f sp=0x00007900ac3f7bd8 mode 0
Event: 0.241 Thread 0x00007900a802d910 DEOPT PACKING pc=0x00007900954aae24 sp=0x00007900ac3f8730
Event: 0.241 Thread 0x00007900a802d910 DEOPT UNPACKING pc=0x000079009c8b372f sp=0x00007900ac3f7bd8 mode 0

Classes loaded (20 events):
Event: 0.231 Loading class java/lang/AssertionError
Event: 0.231 Loading class java/lang/AssertionError done
Event: 0.232 Loading class java/lang/UnsupportedOperationException
Event: 0.232 Loading class java/lang/UnsupportedOperationException done
Event: 0.233 Loading class java/lang/IndexOutOfBoundsException
Event: 0.233 Loading class java/lang/IndexOutOfBoundsException done
Event: 0.235 Loading class java/lang/TypeNotPresentException
Event: 0.235 Loading class java/lang/TypeNotPresentException done
Event: 0.242 Loading class java/lang/IllegalStateException
Event: 0.242 Loading class java/lang/IllegalStateException done
Event: 0.242 Loading class java/lang/WeakPairMap$Pair$Weak
Event: 0.242 Loading class java/lang/WeakPairMap$WeakRefPeer
Event: 0.242 Loading class java/lang/WeakPairMap$WeakRefPeer done
Event: 0.242 Loading class java/lang/WeakPairMap$Pair$Weak done
Event: 0.242 Loading class java/lang/WeakPairMap$Pair$Weak$1
Event: 0.242 Loading class java/lang/WeakPairMap$Pair$Weak$1 done
Event: 0.242 Loading class jdk/internal/misc/MainMethodFinder
Event: 0.242 Loading class jdk/internal/misc/MainMethodFinder done
Event: 0.242 Loading class jdk/internal/misc/PreviewFeatures
Event: 0.242 Loading class jdk/internal/misc/PreviewFeatures done

Classes unloaded (0 events):
No events

Classes redefined (2 events):
Event: 15.433 Thread 0x00007900a819b340 redefined class name=patter.Pattern, count=1
Event: 30.842 Thread 0x00007900a819b340 redefined class name=patter.Pattern, count=2

Internal exceptions (4 events):
Event: 0.071 Thread 0x00007900a802d910 Exception <a 'java/lang/NoSuchMethodError'{0x0000000090637ac8}: 'void java.lang.invoke.DirectMethodHandle$Holder.invokeVirtual(java.lang.Object, java.lang.Object)'> (0x0000000090637ac8) 
thrown [src/hotspot/share/interpreter/linkResolver.cpp, line 772]
Event: 0.072 Thread 0x00007900a802d910 Exception <a 'java/lang/NoSuchMethodError'{0x0000000090642e78}: 'java.lang.Object java.lang.invoke.DirectMethodHandle$Holder.invokeInterface(java.lang.Object, java.lang.Object, java.lang.Object)'> (0x0000000090642e78) 
thrown [src/hotspot/share/interpreter/linkResolver.cpp, line 772]
Event: 0.224 Thread 0x00007900a802d910 Exception <a 'java/lang/NoSuchMethodError'{0x0000000090116d58}: 'void java.lang.invoke.DirectMethodHandle$Holder.invokeStatic(java.lang.Object, java.lang.Object, java.lang.Object)'> (0x0000000090116d58) 
thrown [src/hotspot/share/interpreter/linkResolver.cpp, line 772]
Event: 0.225 Thread 0x00007900a802d910 Exception <a 'java/lang/NoSuchMethodError'{0x0000000090129720}: 'java.lang.Object java.lang.invoke.Invokers$Holder.invokeExact_MT(java.lang.Object, java.lang.Object, java.lang.Object, java.lang.Object, java.lang.Object)'> (0x0000000090129720) 
thrown [src/hotspot/share/interpreter/linkResolver.cpp, line 772]

ZGC Phase Switch (0 events):
No events

VM Operations (20 events):
Event: 0.102 Executing VM operation: ChangeBreakpoints
Event: 0.102 Executing VM operation: ChangeBreakpoints done
Event: 1.102 Executing VM operation: Cleanup
Event: 1.102 Executing VM operation: Cleanup done
Event: 15.433 Executing VM operation: RedefineClasses
Event: 15.435 Executing VM operation: RedefineClasses done
Event: 30.841 Executing VM operation: RedefineClasses
Event: 30.843 Executing VM operation: RedefineClasses done
Event: 69.972 Executing VM operation: ChangeBreakpoints
Event: 69.972 Executing VM operation: ChangeBreakpoints done
Event: 69.973 Executing VM operation: ChangeBreakpoints
Event: 69.973 Executing VM operation: ChangeBreakpoints done
Event: 72.120 Executing VM operation: ChangeBreakpoints
Event: 72.120 Executing VM operation: ChangeBreakpoints done
Event: 72.121 Executing VM operation: ChangeBreakpoints
Event: 72.121 Executing VM operation: ChangeBreakpoints done
Event: 73.575 Executing VM operation: ChangeBreakpoints
Event: 73.575 Executing VM operation: ChangeBreakpoints done
Event: 75.561 Executing VM operation: ChangeBreakpoints
Event: 75.561 Executing VM operation: ChangeBreakpoints done

Memory protections (16 events):
Event: 0.002 Protecting memory [0x00007900ac300000,0x00007900ac304000] with protection modes 0
Event: 0.029 Protecting memory [0x0000790090c94000,0x0000790090c98000] with protection modes 0
Event: 0.029 Protecting memory [0x0000790090900000,0x0000790090904000] with protection modes 0
Event: 0.030 Protecting memory [0x0000790090800000,0x0000790090804000] with protection modes 0
Event: 0.030 Protecting memory [0x0000790090700000,0x0000790090704000] with protection modes 0
Event: 0.030 Protecting memory [0x0000790090600000,0x0000790090604000] with protection modes 0
Event: 0.030 Protecting memory [0x0000790090500000,0x0000790090504000] with protection modes 0
Event: 0.031 Protecting memory [0x0000790090400000,0x0000790090404000] with protection modes 0
Event: 0.059 Protecting memory [0x0000790090300000,0x0000790090304000] with protection modes 0
Event: 0.078 Protecting memory [0x0000790090200000,0x0000790090204000] with protection modes 0
Event: 0.078 Protecting memory [0x0000790090100000,0x0000790090104000] with protection modes 0
Event: 0.084 Protecting memory [0x0000790090000000,0x0000790090004000] with protection modes 0
Event: 0.089 Protecting memory [0x0000790089f00000,0x0000790089f04000] with protection modes 0
Event: 0.089 Protecting memory [0x0000790089e00000,0x0000790089e04000] with protection modes 0
Event: 0.089 Protecting memory [0x0000790089d00000,0x0000790089d04000] with protection modes 0
Event: 0.227 Protecting memory [0x0000790089c00000,0x0000790089c04000] with protection modes 0

Nmethod flushes (0 events):
No events

Events (19 events):
Event: 0.005 Thread 0x00007900a802d910 Thread added: 0x00007900a802d910
Event: 0.029 Thread 0x00007900a802d910 Thread added: 0x00007900a822b410
Event: 0.029 Thread 0x00007900a802d910 Thread added: 0x00007900a822c5e0
Event: 0.030 Thread 0x00007900a802d910 Thread added: 0x00007900a8237070
Event: 0.030 Thread 0x00007900a802d910 Thread added: 0x00007900a82385e0
Event: 0.030 Thread 0x00007900a802d910 Thread added: 0x00007900a8239b80
Event: 0.030 Thread 0x00007900a802d910 Thread added: 0x00007900a822ec20
Event: 0.030 Thread 0x00007900a802d910 Thread added: 0x00007900a82302e0
Event: 0.059 Thread 0x00007900a802d910 Thread added: 0x00007900a82f10f0
Event: 0.078 Thread 0x00007900a82302e0 Thread added: 0x00007900381122f0
Event: 0.078 Thread 0x00007900a82302e0 Thread added: 0x0000790038113ac0
Event: 0.084 Thread 0x0000790038113ac0 Thread added: 0x0000790028039d90
Event: 0.089 Thread 0x00007900a802d910 Thread added: 0x00007900a8366830
Event: 0.089 Thread 0x00007900a802d910 Thread added: 0x00007900a837f8d0
Event: 0.089 Thread 0x00007900a8366830 Thread added: 0x000079001c001120
Event: 0.227 Thread 0x00007900a802d910 Thread added: 0x00007900a8450330
Event: 5.241 Thread 0x0000790038113ac0 Thread exited: 0x0000790038113ac0
Event: 5.250 Thread 0x0000790028039d90 Thread exited: 0x0000790028039d90
Event: 10.241 Thread 0x00007900381122f0 Thread exited: 0x00007900381122f0


Dynamic libraries:
89000000-90800000 rw-p 00000000 00:00 0 
90800000-100000000 ---p 00000000 00:00 0 
100000000-100030000 rw-p 00000000 00:00 0 
100030000-1000b0000 rw-p 00000000 00:00 0 
1000b0000-1000d0000 rw-p 00000000 00:00 0 
1000d0000-100100000 rw-p 00000000 00:00 0 
100100000-140000000 ---p 00000000 00:00 0 
5aa3bd34e000-5aa3bd34f000 r-xp 00000000 103:07 7385011                   /app/eclipse/plugins/org.eclipse.justj.openjdk.hotspot.jre.full.linux.x86_64_21.0.4.v20240802-1551/jre/bin/java
5aa3bd350000-5aa3bd351000 r--p 00001000 103:07 7385011                   /app/eclipse/plugins/org.eclipse.justj.openjdk.hotspot.jre.full.linux.x86_64_21.0.4.v20240802-1551/jre/bin/java
5aa3bd351000-5aa3bd352000 rw-p 00002000 103:07 7385011                   /app/eclipse/plugins/org.eclipse.justj.openjdk.hotspot.jre.full.linux.x86_64_21.0.4.v20240802-1551/jre/bin/java
5aa3be99b000-5aa3be9e1000 rw-p 00000000 00:00 0                          [heap]
790008000000-790008021000 rw-p 00000000 00:00 0 
790008021000-79000c000000 ---p 00000000 00:00 0 
790010000000-790010021000 rw-p 00000000 00:00 0 
790010021000-790014000000 ---p 00000000 00:00 0 
790014000000-790014021000 rw-p 00000000 00:00 0 
790014021000-790018000000 ---p 00000000 00:00 0 
79001c000000-79001c041000 rw-p 00000000 00:00 0 
79001c041000-790020000000 ---p 00000000 00:00 0 
790020000000-79002019f000 rw-p 00000000 00:00 0 
79002019f000-790024000000 ---p 00000000 00:00 0 
790028000000-790028099000 rw-p 00000000 00:00 0 
790028099000-79002c000000 ---p 00000000 00:00 0 
79002c000000-79002c0ce000 rw-p 00000000 00:00 0 
79002c0ce000-790030000000 ---p 00000000 00:00 0 
790034000000-790034021000 rw-p 00000000 00:00 0 
790034021000-790038000000 ---p 00000000 00:00 0 
790038000000-790038259000 rw-p 00000000 00:00 0 
790038259000-79003c000000 ---p 00000000 00:00 0 
790040000000-7900402ab000 rw-p 00000000 00:00 0 
7900402ab000-790044000000 ---p 00000000 00:00 0 
790044000000-790044021000 rw-p 00000000 00:00 0 
790044021000-790048000000 ---p 00000000 00:00 0 
79004c000000-79004c021000 rw-p 00000000 00:00 0 
79004c021000-790050000000 ---p 00000000 00:00 0 
790050000000-790050021000 rw-p 00000000 00:00 0 
790050021000-790054000000 ---p 00000000 00:00 0 
790058000000-790058021000 rw-p 00000000 00:00 0 
790058021000-79005c000000 ---p 00000000 00:00 0 
79005c000000-79005c021000 rw-p 00000000 00:00 0 
79005c021000-790060000000 ---p 00000000 00:00 0 
790064000000-790064021000 rw-p 00000000 00:00 0 
790064021000-790068000000 ---p 00000000 00:00 0 
790068000000-7900684f0000 rw-p 00000000 00:00 0 
7900684f0000-790068510000 rw-p 00000000 00:00 0 
790068510000-790068530000 rw-p 00000000 00:00 0 
790068530000-790068570000 rw-p 00000000 00:00 0 
790068570000-7900687f0000 rw-p 00000000 00:00 0 
7900687f0000-790068810000 rw-p 00000000 00:00 0 
790068810000-790068830000 rw-p 00000000 00:00 0 
790068830000-790068840000 ---p 00000000 00:00 0 
790068840000-790068870000 rw-p 00000000 00:00 0 
790068870000-7900688f0000 rw-p 00000000 00:00 0 
7900688f0000-790068a30000 rw-p 00000000 00:00 0 
790068a30000-79006c000000 ---p 00000000 00:00 0 
79006c000000-79006c021000 rw-p 00000000 00:00 0 
79006c021000-790070000000 ---p 00000000 00:00 0 
790074000000-790074021000 rw-p 00000000 00:00 0 
790074021000-790078000000 ---p 00000000 00:00 0 
790078000000-790078021000 rw-p 00000000 00:00 0 
790078021000-79007c000000 ---p 00000000 00:00 0 
790080000000-790080021000 rw-p 00000000 00:00 0 
790080021000-790084000000 ---p 00000000 00:00 0 
790084000000-790084021000 rw-p 00000000 00:00 0 
790084021000-790088000000 ---p 00000000 00:00 0 
790089600000-7900898df000 rw-p 00000000 00:00 0 
790089a7e000-790089c00000 rw-p 00000000 00:00 0 
790089c00000-790089c04000 ---p 00000000 00:00 0 
790089c04000-790089d00000 rw-p 00000000 00:00 0 
790089d00000-790089d04000 ---p 00000000 00:00 0 
790089d04000-790089e00000 rw-p 00000000 00:00 0 
790089e00000-790089e04000 ---p 00000000 00:00 0 
790089e04000-790089f00000 rw-p 00000000 00:00 0 
790089f00000-790089f04000 ---p 00000000 00:00 0 
790089f04000-79008a000000 rw-p 00000000 00:00 0 
79008a000000-79008c021000 rw-p 00000000 00:00 0 
79008c021000-790090000000 ---p 00000000 00:00 0 
790090000000-790090004000 ---p 00000000 00:00 0 
790090004000-790090100000 rw-p 00000000 00:00 0 
790090100000-790090104000 ---p 00000000 00:00 0 
790090104000-790090200000 rw-p 00000000 00:00 0 
790090200000-790090204000 ---p 00000000 00:00 0 
790090204000-790090300000 rw-p 00000000 00:00 0 
790090300000-790090304000 ---p 00000000 00:00 0 
790090304000-790090400000 rw-p 00000000 00:00 0 
790090400000-790090404000 ---p 00000000 00:00 0 
790090404000-790090500000 rw-p 00000000 00:00 0 
790090500000-790090504000 ---p 00000000 00:00 0 
790090504000-790090600000 rw-p 00000000 00:00 0 
790090600000-790090604000 ---p 00000000 00:00 0 
790090604000-790090700000 rw-p 00000000 00:00 0 
790090700000-790090704000 ---p 00000000 00:00 0 
790090704000-790090800000 rw-p 00000000 00:00 0 
790090800000-790090804000 ---p 00000000 00:00 0 
790090804000-790090900000 rw-p 00000000 00:00 0 
790090900000-790090904000 ---p 00000000 00:00 0 
790090904000-790090a00000 rw-p 00000000 00:00 0 
790090a00000-790090c78000 r--p 00000000 103:07 7490085                   /usr/lib/locale/en_IN/LC_COLLATE
790090c94000-790090c98000 ---p 00000000 00:00 0 
790090c98000-790090d94000 rw-p 00000000 00:00 0 
790090d94000-790090dec000 r--p 00000000 103:07 7477851                   /usr/lib/locale/en_IN/LC_CTYPE
790090dec000-790090ded000 ---p 00000000 00:00 0 
790090ded000-790090eed000 rw-p 00000000 00:00 0 
790090eed000-790090eee000 ---p 00000000 00:00 0 
790090eee000-790090fee000 rw-p 00000000 00:00 0 
790090fee000-790090fef000 ---p 00000000 00:00 0 
790090fef000-7900910ef000 rw-p 00000000 00:00 0 
7900910ef000-7900910f0000 ---p 00000000 00:00 0 
7900910f0000-7900911f0000 rw-p 00000000 00:00 0 
7900911f0000-790091efd000 rw-p 00000000 00:00 0 
790091efd000-790091efe000 ---p 00000000 00:00 0 
790091efe000-790091ffe000 rw-p 00000000 00:00 0 
790091ffe000-790091fff000 ---p 00000000 00:00 0 
790091fff000-7900920ff000 rw-p 00000000 00:00 0 
7900920ff000-790092100000 ---p 00000000 00:00 0 
790092100000-790092200000 rw-p 00000000 00:00 0 
790092200000-7900923e0000 rw-p 00000000 00:00 0 
7900923e0000-790093fc0000 ---p 00000000 00:00 0 
790094000000-79009403c000 rw-p 00000000 00:00 0 
79009403c000-7900943b8000 ---p 00000000 00:00 0 
7900943da000-7900943e7000 r-xp 00000000 103:07 7384762                   /app/eclipse/plugins/org.eclipse.justj.openjdk.hotspot.jre.full.linux.x86_64_21.0.4.v20240802-1551/jre/lib/libverify.so
7900943e7000-7900943e9000 r--p 0000c000 103:07 7384762                   /app/eclipse/plugins/org.eclipse.justj.openjdk.hotspot.jre.full.linux.x86_64_21.0.4.v20240802-1551/jre/lib/libverify.so
7900943e9000-7900943ea000 rw-p 0000e000 103:07 7384762                   /app/eclipse/plugins/org.eclipse.justj.openjdk.hotspot.jre.full.linux.x86_64_21.0.4.v20240802-1551/jre/lib/libverify.so
7900943ea000-7900943fe000 r-xp 00000000 103:07 7385007                   /app/eclipse/plugins/org.eclipse.justj.openjdk.hotspot.jre.full.linux.x86_64_21.0.4.v20240802-1551/jre/lib/libnio.so
7900943fe000-7900943ff000 r--p 00013000 103:07 7385007                   /app/eclipse/plugins/org.eclipse.justj.openjdk.hotspot.jre.full.linux.x86_64_21.0.4.v20240802-1551/jre/lib/libnio.so
7900943ff000-790094400000 rw-p 00014000 103:07 7385007                   /app/eclipse/plugins/org.eclipse.justj.openjdk.hotspot.jre.full.linux.x86_64_21.0.4.v20240802-1551/jre/lib/libnio.so
790094400000-79009443c000 rw-p 00000000 00:00 0 
79009443c000-7900947b8000 ---p 00000000 00:00 0 
7900947bd000-790095400000 rw-p 00000000 00:00 0 
790095400000-790095670000 rwxp 00000000 00:00 0 
790095670000-79009c85f000 ---p 00000000 00:00 0 
79009c85f000-79009cadf000 rwxp 00000000 00:00 0 
79009cadf000-79009cfa0000 ---p 00000000 00:00 0 
79009cfa0000-79009d210000 rwxp 00000000 00:00 0 
79009d210000-7900a4400000 ---p 00000000 00:00 0 
7900a4400000-7900a7e9c000 r--s 00000000 103:07 7385114                   /app/eclipse/plugins/org.eclipse.justj.openjdk.hotspot.jre.full.linux.x86_64_21.0.4.v20240802-1551/jre/lib/modules
7900a7ea4000-7900a853f000 rw-p 00000000 00:00 0 
7900a853f000-7900ac000000 ---p 00000000 00:00 0 
7900ac002000-7900ac007000 r-xp 00000000 103:07 7384579                   /app/eclipse/plugins/org.eclipse.justj.openjdk.hotspot.jre.full.linux.x86_64_21.0.4.v20240802-1551/jre/lib/libdt_socket.so
7900ac007000-7900ac008000 r--p 00004000 103:07 7384579                   /app/eclipse/plugins/org.eclipse.justj.openjdk.hotspot.jre.full.linux.x86_64_21.0.4.v20240802-1551/jre/lib/libdt_socket.so
7900ac008000-7900ac009000 rw-p 00005000 103:07 7384579                   /app/eclipse/plugins/org.eclipse.justj.openjdk.hotspot.jre.full.linux.x86_64_21.0.4.v20240802-1551/jre/lib/libdt_socket.so
7900ac009000-7900ac010000 r--s 00000000 103:07 7476414                   /usr/lib/x86_64-linux-gnu/gconv/gconv-modules.cache
7900ac010000-7900ac02b000 r-xp 00000000 103:07 7384892                   /app/eclipse/plugins/org.eclipse.justj.openjdk.hotspot.jre.full.linux.x86_64_21.0.4.v20240802-1551/jre/lib/libzip.so
7900ac02b000-7900ac02c000 r--p 0001a000 103:07 7384892                   /app/eclipse/plugins/org.eclipse.justj.openjdk.hotspot.jre.full.linux.x86_64_21.0.4.v20240802-1551/jre/lib/libzip.so
7900ac02c000-7900ac02d000 rw-p 0001b000 103:07 7384892                   /app/eclipse/plugins/org.eclipse.justj.openjdk.hotspot.jre.full.linux.x86_64_21.0.4.v20240802-1551/jre/lib/libzip.so
7900ac02d000-7900ac133000 rw-p 00000000 00:00 0 
7900ac133000-7900ac217000 ---p 00000000 00:00 0 
7900ac217000-7900ac21c000 rw-p 00000000 00:00 0 
7900ac21c000-7900ac300000 ---p 00000000 00:00 0 
7900ac300000-7900ac304000 ---p 00000000 00:00 0 
7900ac304000-7900ac400000 rw-p 00000000 00:00 0 
7900ac400000-7900ad80f000 r-xp 00000000 103:07 7384581                   /app/eclipse/plugins/org.eclipse.justj.openjdk.hotspot.jre.full.linux.x86_64_21.0.4.v20240802-1551/jre/lib/server/libjvm.so
7900ad80f000-7900ad810000 ---p 0140f000 103:07 7384581                   /app/eclipse/plugins/org.eclipse.justj.openjdk.hotspot.jre.full.linux.x86_64_21.0.4.v20240802-1551/jre/lib/server/libjvm.so
7900ad810000-7900ad8e0000 r--p 0140f000 103:07 7384581                   /app/eclipse/plugins/org.eclipse.justj.openjdk.hotspot.jre.full.linux.x86_64_21.0.4.v20240802-1551/jre/lib/server/libjvm.so
7900ad8e0000-7900ad910000 rw-p 014df000 103:07 7384581                   /app/eclipse/plugins/org.eclipse.justj.openjdk.hotspot.jre.full.linux.x86_64_21.0.4.v20240802-1551/jre/lib/server/libjvm.so
7900ad910000-7900ad976000 rw-p 00000000 00:00 0 
7900ad976000-7900ad982000 r-xp 00000000 103:07 7384920                   /app/eclipse/plugins/org.eclipse.justj.openjdk.hotspot.jre.full.linux.x86_64_21.0.4.v20240802-1551/jre/lib/libnet.so
7900ad982000-7900ad983000 r--p 0000b000 103:07 7384920                   /app/eclipse/plugins/org.eclipse.justj.openjdk.hotspot.jre.full.linux.x86_64_21.0.4.v20240802-1551/jre/lib/libnet.so
7900ad983000-7900ad984000 rw-p 0000c000 103:07 7384920                   /app/eclipse/plugins/org.eclipse.justj.openjdk.hotspot.jre.full.linux.x86_64_21.0.4.v20240802-1551/jre/lib/libnet.so
7900ad984000-7900ad985000 r--p 00000000 103:07 7484860                   /usr/lib/locale/en_IN/LC_NUMERIC
7900ad985000-7900ad986000 r--p 00000000 103:07 7479543                   /usr/lib/locale/en_IN/LC_TIME
7900ad986000-7900ad987000 r--p 00000000 103:07 7488380                   /usr/lib/locale/en_IN/LC_MONETARY
7900ad987000-7900ad988000 r--p 00000000 103:07 7480195                   /usr/lib/locale/en_IN/LC_MESSAGES/SYS_LC_MESSAGES
7900ad988000-7900ad9ce000 rw-p 00000000 00:00 0 
7900ad9ce000-7900ad9d8000 ---p 00000000 00:00 0 
7900ad9d8000-7900ad9e0000 rw-s 00000000 103:07 4485328                   /tmp/hsperfdata_prasanth362k/2759
7900ad9e0000-7900ad9ea000 r-xp 00000000 103:07 7384508                   /app/eclipse/plugins/org.eclipse.justj.openjdk.hotspot.jre.full.linux.x86_64_21.0.4.v20240802-1551/jre/lib/libinstrument.so
7900ad9ea000-7900ad9eb000 ---p 0000a000 103:07 7384508                   /app/eclipse/plugins/org.eclipse.justj.openjdk.hotspot.jre.full.linux.x86_64_21.0.4.v20240802-1551/jre/lib/libinstrument.so
7900ad9eb000-7900ad9ec000 r--p 0000a000 103:07 7384508                   /app/eclipse/plugins/org.eclipse.justj.openjdk.hotspot.jre.full.linux.x86_64_21.0.4.v20240802-1551/jre/lib/libinstrument.so
7900ad9ec000-7900ad9ed000 rw-p 0000b000 103:07 7384508                   /app/eclipse/plugins/org.eclipse.justj.openjdk.hotspot.jre.full.linux.x86_64_21.0.4.v20240802-1551/jre/lib/libinstrument.so
7900ad9ed000-7900ada0d000 r-xp 00000000 103:07 7384991                   /app/eclipse/plugins/org.eclipse.justj.openjdk.hotspot.jre.full.linux.x86_64_21.0.4.v20240802-1551/jre/lib/libjava.so
7900ada0d000-7900ada0e000 ---p 00020000 103:07 7384991                   /app/eclipse/plugins/org.eclipse.justj.openjdk.hotspot.jre.full.linux.x86_64_21.0.4.v20240802-1551/jre/lib/libjava.so
7900ada0e000-7900ada0f000 r--p 00020000 103:07 7384991                   /app/eclipse/plugins/org.eclipse.justj.openjdk.hotspot.jre.full.linux.x86_64_21.0.4.v20240802-1551/jre/lib/libjava.so
7900ada0f000-7900ada10000 rw-p 00021000 103:07 7384991                   /app/eclipse/plugins/org.eclipse.justj.openjdk.hotspot.jre.full.linux.x86_64_21.0.4.v20240802-1551/jre/lib/libjava.so
7900ada10000-7900ada11000 rw-p 00000000 00:00 0 
7900ada11000-7900ada51000 r-xp 00000000 103:07 7385053                   /app/eclipse/plugins/org.eclipse.justj.openjdk.hotspot.jre.full.linux.x86_64_21.0.4.v20240802-1551/jre/lib/libjdwp.so
7900ada51000-7900ada52000 r--p 0003f000 103:07 7385053                   /app/eclipse/plugins/org.eclipse.justj.openjdk.hotspot.jre.full.linux.x86_64_21.0.4.v20240802-1551/jre/lib/libjdwp.so
7900ada52000-7900ada53000 rw-p 00040000 103:07 7385053                   /app/eclipse/plugins/org.eclipse.justj.openjdk.hotspot.jre.full.linux.x86_64_21.0.4.v20240802-1551/jre/lib/libjdwp.so
7900ada53000-7900ada54000 rw-p 00000000 00:00 0 
7900ada54000-7900ada6f000 r-xp 00000000 103:07 7384652                   /app/eclipse/plugins/org.eclipse.justj.openjdk.hotspot.jre.full.linux.x86_64_21.0.4.v20240802-1551/jre/lib/libjimage.so
7900ada6f000-7900ada70000 ---p 0001b000 103:07 7384652                   /app/eclipse/plugins/org.eclipse.justj.openjdk.hotspot.jre.full.linux.x86_64_21.0.4.v20240802-1551/jre/lib/libjimage.so
7900ada70000-7900ada72000 r--p 0001b000 103:07 7384652                   /app/eclipse/plugins/org.eclipse.justj.openjdk.hotspot.jre.full.linux.x86_64_21.0.4.v20240802-1551/jre/lib/libjimage.so
7900ada72000-7900ada73000 rw-p 0001d000 103:07 7384652                   /app/eclipse/plugins/org.eclipse.justj.openjdk.hotspot.jre.full.linux.x86_64_21.0.4.v20240802-1551/jre/lib/libjimage.so
7900ada73000-7900ada83000 r--p 00000000 103:07 7371229                   /usr/lib/x86_64-linux-gnu/libm.so.6
7900ada83000-7900adaff000 r-xp 00010000 103:07 7371229                   /usr/lib/x86_64-linux-gnu/libm.so.6
7900adaff000-7900adb5a000 r--p 0008c000 103:07 7371229                   /usr/lib/x86_64-linux-gnu/libm.so.6
7900adb5a000-7900adb5b000 r--p 000e6000 103:07 7371229                   /usr/lib/x86_64-linux-gnu/libm.so.6
7900adb5b000-7900adb5c000 rw-p 000e7000 103:07 7371229                   /usr/lib/x86_64-linux-gnu/libm.so.6
7900adb5c000-7900adb5d000 r--p 00000000 103:07 7375096                   /usr/lib/x86_64-linux-gnu/librt.so.1
7900adb5d000-7900adb5e000 r-xp 00001000 103:07 7375096                   /usr/lib/x86_64-linux-gnu/librt.so.1
7900adb5e000-7900adb5f000 r--p 00002000 103:07 7375096                   /usr/lib/x86_64-linux-gnu/librt.so.1
7900adb5f000-7900adb60000 r--p 00002000 103:07 7375096                   /usr/lib/x86_64-linux-gnu/librt.so.1
7900adb60000-7900adb61000 rw-p 00003000 103:07 7375096                   /usr/lib/x86_64-linux-gnu/librt.so.1
7900adb61000-7900adb63000 rw-p 00000000 00:00 0 
7900adb63000-7900adb89000 r--p 00000000 103:07 7372108                   /usr/lib/x86_64-linux-gnu/libc.so.6
7900adb89000-7900adcef000 r-xp 00026000 103:07 7372108                   /usr/lib/x86_64-linux-gnu/libc.so.6
7900adcef000-7900add3d000 r--p 0018c000 103:07 7372108                   /usr/lib/x86_64-linux-gnu/libc.so.6
7900add3d000-7900add41000 r--p 001d9000 103:07 7372108                   /usr/lib/x86_64-linux-gnu/libc.so.6
7900add41000-7900add43000 rw-p 001dd000 103:07 7372108                   /usr/lib/x86_64-linux-gnu/libc.so.6
7900add43000-7900add50000 rw-p 00000000 00:00 0 
7900add50000-7900add51000 r--p 00000000 103:07 7372129                   /usr/lib/x86_64-linux-gnu/libdl.so.2
7900add51000-7900add52000 r-xp 00001000 103:07 7372129                   /usr/lib/x86_64-linux-gnu/libdl.so.2
7900add52000-7900add53000 r--p 00002000 103:07 7372129                   /usr/lib/x86_64-linux-gnu/libdl.so.2
7900add53000-7900add54000 r--p 00002000 103:07 7372129                   /usr/lib/x86_64-linux-gnu/libdl.so.2
7900add54000-7900add55000 rw-p 00003000 103:07 7372129                   /usr/lib/x86_64-linux-gnu/libdl.so.2
7900add55000-7900add56000 r--p 00000000 103:07 7372038                   /usr/lib/x86_64-linux-gnu/libpthread.so.0
7900add56000-7900add57000 r-xp 00001000 103:07 7372038                   /usr/lib/x86_64-linux-gnu/libpthread.so.0
7900add57000-7900add58000 r--p 00002000 103:07 7372038                   /usr/lib/x86_64-linux-gnu/libpthread.so.0
7900add58000-7900add59000 r--p 00002000 103:07 7372038                   /usr/lib/x86_64-linux-gnu/libpthread.so.0
7900add59000-7900add5a000 rw-p 00003000 103:07 7372038                   /usr/lib/x86_64-linux-gnu/libpthread.so.0
7900add5a000-7900add5b000 r--p 00000000 103:07 7474515                   /usr/lib/locale/en_IN/LC_PAPER
7900add5b000-7900add5c000 r--p 00000000 103:07 7481766                   /usr/lib/locale/en_IN/LC_NAME
7900add5c000-7900add5d000 r--p 00000000 103:07 7472871                   /usr/lib/locale/en_IN/LC_ADDRESS
7900add5d000-7900add5e000 r--p 00000000 103:07 7478528                   /usr/lib/locale/en_IN/LC_TELEPHONE
7900add5e000-7900add5f000 r--p 00000000 103:07 7487834                   /usr/lib/locale/en_IN/LC_MEASUREMENT
7900add5f000-7900add60000 r--p 00000000 103:07 7484712                   /usr/lib/locale/en_IN/LC_IDENTIFICATION
7900add60000-7900add61000 ---p 00000000 00:00 0 
7900add61000-7900add62000 r--p 00000000 00:00 0 
7900add62000-7900add63000 ---p 00000000 00:00 0 
7900add63000-7900add7c000 r-xp 00000000 103:07 7384612                   /app/eclipse/plugins/org.eclipse.justj.openjdk.hotspot.jre.full.linux.x86_64_21.0.4.v20240802-1551/jre/lib/libjli.so
7900add7c000-7900add7d000 r--p 00018000 103:07 7384612                   /app/eclipse/plugins/org.eclipse.justj.openjdk.hotspot.jre.full.linux.x86_64_21.0.4.v20240802-1551/jre/lib/libjli.so
7900add7d000-7900add7e000 rw-p 00019000 103:07 7384612                   /app/eclipse/plugins/org.eclipse.justj.openjdk.hotspot.jre.full.linux.x86_64_21.0.4.v20240802-1551/jre/lib/libjli.so
7900add7e000-7900add80000 rw-p 00000000 00:00 0 
7900add80000-7900add81000 r--p 00000000 103:07 7372710                   /usr/lib/x86_64-linux-gnu/ld-linux-x86-64.so.2
7900add81000-7900adda8000 r-xp 00001000 103:07 7372710                   /usr/lib/x86_64-linux-gnu/ld-linux-x86-64.so.2
7900adda8000-7900addb2000 r--p 00028000 103:07 7372710                   /usr/lib/x86_64-linux-gnu/ld-linux-x86-64.so.2
7900addb2000-7900addb4000 r--p 00031000 103:07 7372710                   /usr/lib/x86_64-linux-gnu/ld-linux-x86-64.so.2
7900addb4000-7900addb6000 rw-p 00033000 103:07 7372710                   /usr/lib/x86_64-linux-gnu/ld-linux-x86-64.so.2
7ffd599c9000-7ffd599ea000 rw-p 00000000 00:00 0                          [stack]
7ffd599eb000-7ffd599ef000 r--p 00000000 00:00 0                          [vvar]
7ffd599ef000-7ffd599f1000 r-xp 00000000 00:00 0                          [vdso]
ffffffffff600000-ffffffffff601000 --xp 00000000 00:00 0                  [vsyscall]
Total number of mappings: 232


VM Arguments:
jvm_args: -XX:+ShowCodeDetailsInExceptionMessages -agentlib:jdwp=transport=dt_socket,suspend=y,address=localhost:43015 -javaagent:/home/prasanth362k/.var/app/org.eclipse.Java/eclipse/configuration/org.eclipse.osgi/964/0/.cp/lib/javaagent-shaded.jar -Dfile.encoding=UTF-8 -Dstdout.encoding=UTF-8 -Dstderr.encoding=UTF-8 --module-path=/home/prasanth362k/git/repository2/Java_World/bin -Djdk.module.main=Java_World 
java_command: Java_World/patter.Pattern
java_class_path (initial): <not set>
Launcher Type: SUN_STANDARD

[Global flags]
     intx CICompilerCount                          = 12                                        {product} {ergonomic}
     uint ConcGCThreads                            = 3                                         {product} {ergonomic}
     uint G1ConcRefinementThreads                  = 13                                        {product} {ergonomic}
   size_t G1HeapRegionSize                         = 1048576                                   {product} {ergonomic}
    uintx GCDrainStackTargetSize                   = 64                                        {product} {ergonomic}
   size_t InitialHeapSize                          = 125829120                                 {product} {ergonomic}
   size_t MarkStackSize                            = 4194304                                   {product} {ergonomic}
   size_t MaxHeapSize                              = 1996488704                                {product} {ergonomic}
   size_t MaxNewSize                               = 1197473792                                {product} {ergonomic}
   size_t MinHeapDeltaBytes                        = 1048576                                   {product} {ergonomic}
   size_t MinHeapSize                              = 8388608                                   {product} {ergonomic}
    uintx NonNMethodCodeHeapSize                   = 7602480                                {pd product} {ergonomic}
    uintx NonProfiledCodeHeapSize                  = 122027880                              {pd product} {ergonomic}
    uintx ProfiledCodeHeapSize                     = 122027880                              {pd product} {ergonomic}
    uintx ReservedCodeCacheSize                    = 251658240                              {pd product} {ergonomic}
     bool SegmentedCodeCache                       = true                                      {product} {ergonomic}
     bool ShowCodeDetailsInExceptionMessages       = true                                   {manageable} {command line}
   size_t SoftMaxHeapSize                          = 1996488704                             {manageable} {ergonomic}
     bool UseCompressedOops                        = true                           {product lp64_product} {ergonomic}
     bool UseG1GC                                  = true                                      {product} {ergonomic}

Logging:
Log output configuration:
 #0: stdout all=warning uptime,level,tags foldmultilines=false
 #1: stderr all=off uptime,level,tags foldmultilines=false

Environment Variables:
PATH=/app/bin:/usr/bin
XDG_CACHE_HOME=/home/prasanth362k/.var/app/org.eclipse.Java/cache
XDG_CONFIG_HOME=/home/prasanth362k/.var/app/org.eclipse.Java/config
LD_LIBRARY_PATH=
SHELL=/bin/sh
DISPLAY=:99.0
LANG=en_IN

Active Locale:
LC_ALL=en_IN
LC_COLLATE=en_IN
LC_CTYPE=en_IN
LC_MESSAGES=en_IN
LC_MONETARY=en_IN
LC_NUMERIC=en_IN
LC_TIME=en_IN

Signal Handlers:
   SIGSEGV: crash_handler in libjvm.so, mask=11100100010111111101111111111110, flags=SA_RESTART|SA_SIGINFO, unblocked
    SIGBUS: crash_handler in libjvm.so, mask=11100100010111111101111111111110, flags=SA_RESTART|SA_SIGINFO, unblocked
    SIGFPE: crash_handler in libjvm.so, mask=11100100010111111101111111111110, flags=SA_RESTART|SA_SIGINFO, unblocked
   SIGPIPE: javaSignalHandler in libjvm.so, mask=11100100010111111101111111111110, flags=SA_RESTART|SA_SIGINFO, blocked
   SIGXFSZ: javaSignalHandler in libjvm.so, mask=11100100010111111101111111111110, flags=SA_RESTART|SA_SIGINFO, blocked
    SIGILL: crash_handler in libjvm.so, mask=11100100010111111101111111111110, flags=SA_RESTART|SA_SIGINFO, unblocked
   SIGUSR2: SR_handler in libjvm.so, mask=00000000000000000000000000000000, flags=SA_RESTART|SA_SIGINFO, blocked
    SIGHUP: UserHandler in libjvm.so, mask=11100100010111111101111111111110, flags=SA_RESTART|SA_SIGINFO, blocked
    SIGINT: UserHandler in libjvm.so, mask=11100100010111111101111111111110, flags=SA_RESTART|SA_SIGINFO, blocked
   SIGTERM: UserHandler in libjvm.so, mask=11100100010111111101111111111110, flags=SA_RESTART|SA_SIGINFO, blocked
   SIGQUIT: UserHandler in libjvm.so, mask=11100100010111111101111111111110, flags=SA_RESTART|SA_SIGINFO, blocked
   SIGTRAP: crash_handler in libjvm.so, mask=11100100010111111101111111111110, flags=SA_RESTART|SA_SIGINFO, unblocked


Periodic native trim disabled

---------------  S Y S T E M  ---------------

OS:
NAME=GNOME
VERSION="46 (Flatpak runtime)"
VERSION_ID=46
ID=org.gnome.Platform
ID_LIKE=org.freedesktop.platform
PRETTY_NAME="GNOME 46 (Flatpak runtime)"
BUG_REPORT_URL="https://gitlab.gnome.org/GNOME/gnome-build-meta/-/issues/new"
HOME_URL="https://www.gnome.org/"
uname: Linux 6.8.0-40-generic #40~22.04.3-Ubuntu SMP PREEMPT_DYNAMIC Tue Jul 30 17:30:19 UTC 2 x86_64
OS uptime: 0 days 1:56 hours
libc: glibc 2.38 NPTL 2.38 
rlimit (soft/hard): STACK 8192k/infinity , CORE 0k/infinity , NPROC 29859/29859 , NOFILE 1048576/1048576 , AS infinity/infinity , CPU infinity/infinity , DATA infinity/infinity , FSIZE infinity/infinity , MEMLOCK 974236k/974236k
load average: 0.64 0.36 0.35

/proc/meminfo:
MemTotal:        7793888 kB
MemFree:          620300 kB
MemAvailable:    2703160 kB
Buffers:          200076 kB
Cached:          2496872 kB
SwapCached:            0 kB
Active:          4903576 kB
Inactive:        1334448 kB
Active(anon):    3983184 kB
Inactive(anon):        0 kB
Active(file):     920392 kB
Inactive(file):  1334448 kB
Unevictable:      384456 kB
Mlocked:              96 kB
SwapTotal:       2097148 kB
SwapFree:        2097148 kB
Zswap:                 0 kB
Zswapped:              0 kB
Dirty:                32 kB
Writeback:             0 kB
AnonPages:       3925920 kB
Mapped:           632432 kB
Shmem:            441820 kB
KReclaimable:     111956 kB
Slab:             315012 kB
SReclaimable:     111956 kB
SUnreclaim:       203056 kB
KernelStack:       20000 kB
PageTables:        46820 kB
SecPageTables:         0 kB
NFS_Unstable:          0 kB
Bounce:                0 kB
WritebackTmp:          0 kB
CommitLimit:     5994092 kB
Committed_AS:   11101048 kB
VmallocTotal:   34359738367 kB
VmallocUsed:       75064 kB
VmallocChunk:          0 kB
Percpu:            13312 kB
HardwareCorrupted:     0 kB
AnonHugePages:         0 kB
ShmemHugePages:   333824 kB
ShmemPmdMapped:        0 kB
FileHugePages:         0 kB
FilePmdMapped:         0 kB
Unaccepted:            0 kB
HugePages_Total:       0
HugePages_Free:        0
HugePages_Rsvd:        0
HugePages_Surp:        0
Hugepagesize:       2048 kB
Hugetlb:               0 kB
DirectMap4k:      257624 kB
DirectMap2M:     2551808 kB
DirectMap1G:     5242880 kB

/sys/kernel/mm/transparent_hugepage/enabled: <Not Available>
/sys/kernel/mm/transparent_hugepage/hpage_pmd_size: <Not Available>
/sys/kernel/mm/transparent_hugepage/defrag (defrag/compaction efforts parameter): <Not Available>

Process Memory:
Virtual Size: 5036008K (peak: 5096996K)
Resident Set Size: 67568K (peak: 67568K) (anon: 38000K, file: 29568K, shmem: 0K)
Swapped out: 0K
C-Heap outstanding allocations: 38740K, retained: 7839K
glibc malloc tunables: (default)

/proc/sys/kernel/threads-max (system-wide limit on the number of threads): 59719
/proc/sys/vm/max_map_count (maximum number of memory map areas a process may have): 65530
/proc/sys/vm/swappiness (control to define how aggressively the kernel swaps out anonymous memory): 60
/proc/sys/kernel/pid_max (system-wide limit on number of process identifiers): 4194304

container information not found.
Steal ticks since vm start: 0
Steal ticks percentage since vm start:  0.000

CPU: total 16 (initial active 16) (16 cores per cpu, 1 threads per core) family 6 model 154 stepping 3 microcode 0x433, cx8, cmov, fxsr, mmx, 3dnowpref, sse, sse2, sse3, ssse3, sse4.1, sse4.2, popcnt, lzcnt, tsc, tscinvbit, avx, avx2, aes, erms, clmul, bmi1, bmi2, adx, sha, fma, vzeroupper, clflush, clflushopt, clwb, serialize, rdtscp, rdpid, fsrm, f16c, pku, ospke, cet_ibt, cet_ss
CPU Model and flags from /proc/cpuinfo:
model name	: 12th Gen Intel(R) Core(TM) i5-1240P
flags		: fpu vme de pse tsc msr pae mce cx8 apic sep mtrr pge mca cmov pat pse36 clflush dts acpi mmx fxsr sse sse2 ss ht tm pbe syscall nx pdpe1gb rdtscp lm constant_tsc art arch_perfmon pebs bts rep_good nopl xtopology nonstop_tsc cpuid aperfmperf tsc_known_freq pni pclmulqdq dtes64 monitor ds_cpl vmx smx est tm2 ssse3 sdbg fma cx16 xtpr pdcm sse4_1 sse4_2 x2apic movbe popcnt tsc_deadline_timer aes xsave avx f16c rdrand lahf_lm abm 3dnowprefetch cpuid_fault epb ssbd ibrs ibpb stibp ibrs_enhanced tpr_shadow flexpriority ept vpid ept_ad fsgsbase tsc_adjust bmi1 avx2 smep bmi2 erms invpcid rdseed adx smap clflushopt clwb intel_pt sha_ni xsaveopt xsavec xgetbv1 xsaves split_lock_detect user_shstk avx_vnni dtherm ida arat pln pts hwp hwp_notify hwp_act_window hwp_epp hwp_pkg_req hfi vnmi umip pku ospke waitpkg gfni vaes vpclmulqdq rdpid movdiri movdir64b fsrm md_clear serialize arch_lbr ibt flush_l1d arch_capabilities

Online cpus: 0-15
Offline cpus: 
BIOS frequency limitation: <Not Available>
Frequency switch latency (ns): 0
Available cpu frequencies: <Not Available>
Current governor: powersave
Core performance/turbo boost: <Not Available>

Memory: 4k page, physical 7793888k(2703160k free), swap 2097148k(2097148k free)
Page Sizes: 4k

vm_info: OpenJDK 64-Bit Server VM (21.0.4+7-LTS) for linux-amd64 JRE (21.0.4+7-LTS), built on 2024-07-16T00:00:00Z by "admin" with gcc 11.3.0

END.
